09:56:51 2023-05-01 [INFO] Starting InterSystems IRIS instance IRIS...
09:56:53 2023-05-01 [INFO] Starting Control Process
Global buffer setting requires attention.  Auto-selected 25% of total memory.
Allocated 2674MB shared memory
1962MB global buffers, 196MB routine buffers
This copy of InterSystems IRIS has been licensed for use exclusively by:
InterSystems IRIS Community
Copyright (c) 1986-2023 by InterSystems Corporation
Any other use is a violation of your license agreement

1 alert(s) during startup. See messages.log for details.
Starting IRIS


09:56:53 2023-05-01 [INFO] ...started InterSystems IRIS instance IRIS
09:56:53 2023-05-01 [INFO] Executing command /docker-entrypoint.sh iris-after-start ...
09:56:53 2023-05-01 [INFO] Create namespace: IRISAPP

/docker-entrypoint.sh: ignoring /docker-entrypoint-initdb.d/*


09:56:53 2023-05-01 [INFO] ...executed command /docker-entrypoint.sh iris-after-start 
09:58:11 2023-05-01 [INFO] Starting InterSystems IRIS instance IRIS...
09:58:13 2023-05-01 [INFO] Starting Control Process
Global buffer setting requires attention.  Auto-selected 25% of total memory.
Allocated 2674MB shared memory
1962MB global buffers, 196MB routine buffers
This copy of InterSystems IRIS has been licensed for use exclusively by:
InterSystems IRIS Community
Copyright (c) 1986-2023 by InterSystems Corporation
Any other use is a violation of your license agreement

1 alert(s) during startup. See messages.log for details.
Starting IRIS


09:58:13 2023-05-01 [INFO] ...started InterSystems IRIS instance IRIS
09:58:13 2023-05-01 [INFO] Executing command /docker-entrypoint.sh iris-after-start ...
09:58:13 2023-05-01 [INFO] Create namespace: IRISAPP

/docker-entrypoint.sh: ignoring /docker-entrypoint-initdb.d/*


09:58:13 2023-05-01 [INFO] ...executed command /docker-entrypoint.sh iris-after-start 
